0 info it worked if it ends with ok
1 verbose cli [ '/usr/local/bin/node', '/usr/local/bin/npm', 'run', 'dev' ]
2 info using npm@3.10.10
3 info using node@v6.10.0
4 verbose run-script [ 'predev', 'dev', 'postdev' ]
5 info lifecycle freeways-web@1.0.0~predev: freeways-web@1.0.0
6 silly lifecycle freeways-web@1.0.0~predev: no script for predev, continuing
7 info lifecycle freeways-web@1.0.0~dev: freeways-web@1.0.0
8 verbose lifecycle freeways-web@1.0.0~dev: unsafe-perm in lifecycle true
9 verbose lifecycle freeways-web@1.0.0~dev: PATH: /usr/local/lib/node_modules/npm/bin/node-gyp-bin:/home/exogenesys/Projects/freeways-web-2/node_modules/.bin:/home/exogenesys/bin:/home/exogenesys/.local/bin:/usr/local/sbin:/usr/local/bin:/usr/sbin:/usr/bin:/sbin:/bin:/usr/games:/usr/local/games:/snap/bin
10 verbose lifecycle freeways-web@1.0.0~dev: CWD: /home/exogenesys/Projects/freeways-web-2
11 silly lifecycle freeways-web@1.0.0~dev: Args: [ '-c', 'node server' ]
12 silly lifecycle freeways-web@1.0.0~dev: Returned: code: 134  signal: null
13 info lifecycle freeways-web@1.0.0~dev: Failed to exec dev script
14 verbose stack Error: freeways-web@1.0.0 dev: `node server`
14 verbose stack Exit status 134
14 verbose stack     at EventEmitter.<anonymous> (/usr/local/lib/node_modules/npm/lib/utils/lifecycle.js:255:16)
14 verbose stack     at emitTwo (events.js:106:13)
14 verbose stack     at EventEmitter.emit (events.js:191:7)
14 verbose stack     at ChildProcess.<anonymous> (/usr/local/lib/node_modules/npm/lib/utils/spawn.js:40:14)
14 verbose stack     at emitTwo (events.js:106:13)
14 verbose stack     at ChildProcess.emit (events.js:191:7)
14 verbose stack     at maybeClose (internal/child_process.js:877:16)
14 verbose stack     at Process.ChildProcess._handle.onexit (internal/child_process.js:226:5)
15 verbose pkgid freeways-web@1.0.0
16 verbose cwd /home/exogenesys/Projects/freeways-web-2
17 error Linux 4.8.0-56-generic
18 error argv "/usr/local/bin/node" "/usr/local/bin/npm" "run" "dev"
19 error node v6.10.0
20 error npm  v3.10.10
21 error code ELIFECYCLE
22 error freeways-web@1.0.0 dev: `node server`
22 error Exit status 134
23 error Failed at the freeways-web@1.0.0 dev script 'node server'.
23 error Make sure you have the latest version of node.js and npm installed.
23 error If you do, this is most likely a problem with the freeways-web package,
23 error not with npm itself.
23 error Tell the author that this fails on your system:
23 error     node server
23 error You can get information on how to open an issue for this project with:
23 error     npm bugs freeways-web
23 error Or if that isn't available, you can get their info via:
23 error     npm owner ls freeways-web
23 error There is likely additional logging output above.
24 verbose exit [ 1, true ]
